TN:
SF:agent-runner\src\analysis.ts
FN:1,analyzeDiffMock
FNF:1
FNH:1
FNDA:1,analyzeDiffMock
DA:1,1
DA:2,1
LF:2
LH:2
BRF:0
BRH:0
end_of_record
TN:
SF:agent-runner\src\llmAdapter.ts
FN:3,generatePatchFromPrompt
FN:39,generateMockPatch
FNF:2
FNH:2
FNDA:1,generatePatchFromPrompt
FNDA:1,generateMockPatch
DA:1,1
DA:3,1
DA:4,1
DA:5,1
DA:6,1
DA:8,0
DA:9,0
DA:10,0
DA:24,0
DA:25,0
DA:26,0
DA:27,0
DA:29,0
DA:30,0
DA:31,0
DA:34,0
DA:35,0
DA:39,1
DA:40,1
DA:52,1
LF:20
LH:8
BRDA:5,0,0,1
BRDA:11,1,0,0
BRDA:11,1,1,0
BRDA:25,2,0,0
BRDA:25,2,1,0
BRDA:25,2,2,0
BRDA:30,3,0,0
BRF:7
BRH:1
end_of_record
TN:
SF:agent-runner\src\agents\developer.ts
FN:4,handle
FNF:1
FNH:1
FNDA:1,handle
DA:1,1
DA:2,1
DA:4,1
DA:5,1
DA:6,1
DA:7,1
DA:8,1
DA:9,1
DA:10,1
DA:11,1
DA:13,1
DA:14,1
DA:15,1
DA:16,1
DA:17,1
DA:18,1
DA:19,1
DA:20,1
DA:21,1
DA:22,1
DA:24,1
DA:25,1
DA:26,1
DA:28,1
DA:31,0
LF:25
LH:24
BRDA:6,0,0,1
BRDA:6,0,1,0
BRDA:7,1,0,1
BRDA:7,1,1,0
BRDA:8,2,0,1
BRDA:8,2,1,0
BRDA:8,2,2,0
BRDA:9,3,0,1
BRDA:9,3,1,0
BRDA:14,4,0,1
BRDA:14,5,0,1
BRDA:14,5,1,1
BRDA:14,5,2,1
BRDA:15,6,0,1
BRDA:15,6,1,0
BRDA:17,7,0,1
BRDA:17,7,1,0
BRDA:19,8,0,1
BRDA:21,9,0,1
BRDA:21,9,1,0
BRDA:24,10,0,1
BRDA:24,10,1,0
BRDA:24,11,0,1
BRDA:24,11,1,0
BRDA:25,12,0,1
BRDA:25,13,0,1
BRDA:25,13,1,1
BRF:27
BRH:17
end_of_record
TN:
SF:agent-runner\src\agents\reviewer.ts
FN:4,handle
FN:12,(anonymous_1)
FNF:2
FNH:2
FNDA:1,handle
FNDA:1,(anonymous_1)
DA:1,1
DA:2,1
DA:4,1
DA:5,1
DA:6,1
DA:7,1
DA:8,1
DA:9,1
DA:10,1
DA:11,1
DA:12,1
DA:13,1
DA:14,1
DA:15,1
DA:17,0
DA:19,1
LF:16
LH:15
BRDA:6,0,0,1
BRDA:6,0,1,0
BRDA:7,1,0,1
BRDA:7,1,1,0
BRDA:8,2,0,1
BRDA:8,2,1,0
BRDA:14,3,0,1
BRDA:14,3,1,0
BRDA:14,4,0,1
BRDA:14,4,1,1
BRDA:14,4,2,1
BRDA:14,4,3,1
BRF:12
BRH:8
end_of_record
TN:
SF:src\index.ts
FN:41,(anonymous_10)
FN:47,(anonymous_11)
FN:48,(anonymous_12)
FN:50,(anonymous_13)
FN:52,(anonymous_14)
FNF:5
FNH:0
FNDA:0,(anonymous_10)
FNDA:0,(anonymous_11)
FNDA:0,(anonymous_12)
FNDA:0,(anonymous_13)
FNDA:0,(anonymous_14)
DA:1,1
DA:2,1
DA:3,1
DA:4,1
DA:5,1
DA:6,1
DA:7,1
DA:8,1
DA:9,1
DA:10,1
DA:11,1
DA:12,1
DA:14,1
DA:16,1
DA:19,1
DA:20,1
DA:22,1
DA:23,1
DA:24,1
DA:25,1
DA:26,1
DA:27,1
DA:29,1
DA:30,0
DA:31,0
DA:35,1
DA:37,0
DA:38,0
DA:41,1
DA:44,1
DA:45,0
DA:46,0
DA:48,0
DA:51,0
DA:52,0
DA:53,0
LF:36
LH:26
BRDA:16,0,0,0
BRDA:16,0,1,1
BRDA:29,1,0,0
BRDA:30,2,0,0
BRDA:30,2,1,0
BRDA:35,3,0,0
BRDA:44,4,0,0
BRDA:45,5,0,0
BRDA:45,5,1,0
BRDA:51,6,0,0
BRDA:51,6,1,0
BRF:11
BRH:1
end_of_record
TN:
SF:src\config\db.ts
FN:9,initDb
FN:175,toMssqlSql
FN:176,(anonymous_11)
FN:179,dbQuery
FN:183,(anonymous_13)
FNF:5
FNH:0
FNDA:0,initDb
FNDA:0,toMssqlSql
FNDA:0,(anonymous_11)
FNDA:0,dbQuery
FNDA:0,(anonymous_13)
DA:1,3
DA:2,3
DA:4,3
DA:6,3
DA:7,3
DA:9,3
DA:10,0
DA:12,0
DA:15,0
DA:16,0
DA:27,0
DA:28,0
DA:115,0
DA:118,0
DA:120,0
DA:126,0
DA:176,0
DA:179,3
DA:180,0
DA:181,0
DA:182,0
DA:183,0
DA:184,0
DA:185,0
DA:187,0
DA:188,0
DA:189,0
LF:27
LH:7
BRDA:4,0,0,3
BRDA:4,0,1,2
BRDA:10,1,0,0
BRDA:10,1,1,0
BRDA:12,2,0,0
BRDA:12,2,1,0
BRDA:12,2,2,0
BRDA:20,3,0,0
BRDA:20,3,1,0
BRDA:21,4,0,0
BRDA:21,4,1,0
BRDA:118,5,0,0
BRDA:118,5,1,0
BRDA:179,6,0,0
BRDA:180,7,0,0
BRDA:180,7,1,0
BRDA:181,8,0,0
BRDA:187,9,0,0
BRF:18
BRH:2
end_of_record
TN:
SF:src\config\swagger.ts
FNF:0
FNH:0
DA:1,1
DA:3,1
DA:20,1
LF:3
LH:3
BRF:0
BRH:0
end_of_record
TN:
SF:src\controllers\authController.ts
FN:4,register
FN:18,login
FNF:2
FNH:0
FNDA:0,register
FNDA:0,login
DA:2,1
DA:4,1
DA:5,0
DA:6,0
DA:7,0
DA:8,0
DA:9,0
DA:10,0
DA:12,0
DA:13,0
DA:14,0
DA:18,1
DA:19,0
DA:20,0
DA:21,0
DA:22,0
DA:23,0
DA:25,0
LF:18
LH:3
BRDA:6,0,0,0
BRDA:6,1,0,0
BRDA:6,1,1,0
BRDA:6,1,2,0
BRDA:12,2,0,0
BRDA:20,3,0,0
BRDA:20,4,0,0
BRDA:20,4,1,0
BRF:8
BRH:0
end_of_record
TN:
SF:src\controllers\userController.ts
FN:4,getUsers
FN:9,getUser
FN:16,createUser
FN:24,updateUser
FN:32,deleteUser
FNF:5
FNH:0
FNDA:0,getUsers
FNDA:0,getUser
FNDA:0,createUser
FNDA:0,updateUser
FNDA:0,deleteUser
DA:2,1
DA:4,1
DA:5,0
DA:6,0
DA:9,1
DA:10,0
DA:11,0
DA:12,0
DA:13,0
DA:16,1
DA:17,0
DA:18,0
DA:19,0
DA:20,0
DA:21,0
DA:24,1
DA:25,0
DA:26,0
DA:27,0
DA:28,0
DA:29,0
DA:32,1
DA:33,0
DA:34,0
DA:35,0
DA:36,0
LF:26
LH:6
BRDA:12,0,0,0
BRDA:18,1,0,0
BRDA:18,2,0,0
BRDA:18,2,1,0
BRDA:28,3,0,0
BRDA:35,4,0,0
BRF:6
BRH:0
end_of_record
TN:
SF:src\middleware\authMiddleware.ts
FN:4,authMiddleware
FNF:1
FNH:0
FNDA:0,authMiddleware
DA:2,1
DA:4,1
DA:5,0
DA:6,0
DA:7,0
DA:9,0
DA:10,0
DA:11,0
DA:12,0
DA:14,0
DA:15,0
LF:11
LH:2
BRDA:5,0,0,0
BRDA:5,0,1,0
BRDA:6,1,0,0
BRDA:6,2,0,0
BRDA:6,2,1,0
BRDA:6,2,2,0
BRDA:11,3,0,0
BRDA:11,4,0,0
BRDA:11,4,1,0
BRDA:11,4,2,0
BRF:10
BRH:0
end_of_record
TN:
SF:src\routes\authRoutes.ts
FNF:0
FNH:0
DA:1,1
DA:2,1
DA:4,1
DA:50,1
DA:80,1
DA:82,1
LF:6
LH:6
BRF:0
BRH:0
end_of_record
TN:
SF:src\routes\bookingRoutes.ts
FN:6,(anonymous_1)
FN:24,(anonymous_2)
FN:36,(anonymous_3)
FN:46,(anonymous_4)
FN:57,(anonymous_5)
FNF:5
FNH:0
FNDA:0,(anonymous_1)
FNDA:0,(anonymous_2)
FNDA:0,(anonymous_3)
FNDA:0,(anonymous_4)
FNDA:0,(anonymous_5)
DA:1,1
DA:2,1
DA:4,1
DA:6,1
DA:7,0
DA:8,0
DA:9,0
DA:18,0
DA:20,0
DA:24,1
DA:25,0
DA:26,0
DA:27,0
DA:28,0
DA:29,0
DA:30,0
DA:32,0
DA:36,1
DA:37,0
DA:38,0
DA:39,0
DA:40,0
DA:42,0
DA:46,1
DA:47,0
DA:48,0
DA:49,0
DA:50,0
DA:51,0
DA:53,0
DA:57,1
DA:58,0
DA:59,0
DA:60,0
DA:61,0
DA:63,0
DA:67,1
LF:37
LH:9
BRDA:8,0,0,0
BRDA:8,0,1,0
BRDA:10,1,0,0
BRDA:10,1,1,0
BRDA:20,2,0,0
BRDA:20,2,1,0
BRDA:27,3,0,0
BRDA:28,4,0,0
BRDA:32,5,0,0
BRDA:32,5,1,0
BRDA:42,6,0,0
BRDA:42,6,1,0
BRDA:49,7,0,0
BRDA:49,7,1,0
BRDA:53,8,0,0
BRDA:53,8,1,0
BRDA:63,9,0,0
BRDA:63,9,1,0
BRF:18
BRH:0
end_of_record
TN:
SF:src\routes\healthRoutes.ts
FN:6,(anonymous_0)
FN:10,(anonymous_1)
FNF:2
FNH:0
FNDA:0,(anonymous_0)
FNDA:0,(anonymous_1)
DA:1,1
DA:2,1
DA:4,1
DA:6,1
DA:7,0
DA:10,1
DA:11,0
DA:12,0
DA:13,0
DA:15,0
DA:17,0
DA:18,0
DA:20,0
DA:22,0
DA:23,0
DA:27,1
LF:16
LH:6
BRDA:12,0,0,0
BRDA:12,0,1,0
BRDA:13,1,0,0
BRDA:17,2,0,0
BRDA:22,3,0,0
BRDA:22,3,1,0
BRF:6
BRH:0
end_of_record
TN:
SF:src\routes\metricsRoutes.ts
FN:9,(anonymous_1)
FNF:1
FNH:0
FNDA:0,(anonymous_1)
DA:1,1
DA:2,1
DA:4,1
DA:7,1
DA:9,1
DA:10,0
DA:11,0
DA:12,0
DA:13,0
DA:15,0
DA:19,1
LF:11
LH:6
BRF:0
BRH:0
end_of_record
TN:
SF:src\routes\userRoutes.ts
FNF:0
FNH:0
DA:1,1
DA:2,1
DA:3,1
DA:5,1
DA:8,1
DA:63,1
DA:87,1
DA:111,1
DA:141,1
DA:165,1
DA:167,1
LF:11
LH:11
BRF:0
BRH:0
end_of_record
TN:
SF:src\services\authService.ts
FN:8,register
FN:17,login
FN:26,verifyToken
FNF:3
FNH:2
FNDA:2,register
FNDA:2,login
FNDA:0,verifyToken
DA:1,2
DA:2,2
DA:3,2
DA:5,2
DA:6,2
DA:8,2
DA:9,2
DA:10,2
DA:11,1
DA:12,1
DA:13,1
DA:14,1
DA:17,2
DA:18,2
DA:19,2
DA:20,1
DA:21,1
DA:22,1
DA:23,1
DA:26,2
DA:27,0
DA:28,0
DA:30,0
LF:23
LH:20
BRDA:5,0,0,2
BRDA:5,0,1,2
BRDA:10,1,0,1
BRDA:19,2,0,1
BRDA:19,3,0,2
BRDA:19,3,1,1
BRDA:21,4,0,0
BRF:7
BRH:6
end_of_record
TN:
SF:src\services\bookingService.ts
FN:18,createBooking
FN:66,getBooking
FN:80,listBookings
FN:96,cancelBooking
FN:102,updateBooking
FNF:5
FNH:1
FNDA:3,createBooking
FNDA:0,getBooking
FNDA:0,listBookings
FNDA:0,cancelBooking
FNDA:0,updateBooking
DA:1,2
DA:18,2
DA:19,3
DA:21,3
DA:22,0
DA:26,3
DA:27,3
DA:28,2
DA:29,2
DA:33,1
DA:37,1
DA:38,1
DA:43,0
DA:48,0
DA:51,0
DA:52,0
DA:53,0
DA:54,0
DA:55,0
DA:63,0
DA:66,2
DA:67,0
DA:68,0
DA:69,0
DA:70,0
DA:77,0
DA:80,2
DA:81,0
DA:82,0
DA:83,0
DA:84,0
DA:85,0
DA:87,0
DA:88,0
DA:89,0
DA:91,0
DA:92,0
DA:93,0
DA:96,2
DA:98,0
DA:99,0
DA:102,2
DA:104,0
DA:105,0
DA:106,0
DA:107,0
DA:108,0
DA:110,0
DA:111,0
DA:112,0
DA:114,0
DA:115,0
DA:116,0
DA:118,0
DA:119,0
DA:120,0
DA:121,0
DA:122,0
DA:125,2
LF:59
LH:16
BRDA:19,0,0,3
BRDA:19,1,0,3
BRDA:19,2,0,3
BRDA:21,3,0,0
BRDA:21,4,0,3
BRDA:21,4,1,3
BRDA:21,4,2,3
BRDA:27,5,0,1
BRDA:27,6,0,3
BRDA:27,6,1,3
BRDA:28,7,0,2
BRDA:28,7,1,0
BRDA:29,8,0,1
BRDA:37,9,0,1
BRDA:37,10,0,1
BRDA:37,10,1,1
BRDA:53,11,0,0
BRDA:53,12,0,0
BRDA:53,12,1,0
BRDA:58,13,0,0
BRDA:58,13,1,0
BRDA:68,14,0,0
BRDA:68,15,0,0
BRDA:68,15,1,0
BRDA:80,16,0,0
BRDA:83,17,0,0
BRDA:87,18,0,0
BRDA:106,19,0,0
BRDA:110,20,0,0
BRDA:114,21,0,0
BRDA:118,22,0,0
BRF:31
BRH:14
end_of_record
TN:
SF:src\services\userService.ts
FN:4,getAllUsers
FN:8,getUserById
FN:19,createUser
FN:39,getUserByEmail
FN:47,updateUser
FN:67,deleteUser
FNF:6
FNH:0
FNDA:0,getAllUsers
FNDA:0,getUserById
FNDA:0,createUser
FNDA:0,getUserByEmail
FNDA:0,updateUser
FNDA:0,deleteUser
DA:1,2
DA:4,2
DA:5,0
DA:8,2
DA:9,0
DA:13,0
DA:19,2
DA:24,0
DA:25,0
DA:29,0
DA:31,0
DA:35,0
DA:39,2
DA:40,0
DA:44,0
DA:47,2
DA:52,0
DA:53,0
DA:57,0
DA:59,0
DA:63,0
DA:67,2
DA:68,0
DA:69,0
DA:73,0
DA:75,0
DA:79,0
LF:27
LH:7
BRDA:13,0,0,0
BRDA:13,0,1,0
BRDA:22,1,0,0
BRDA:24,2,0,0
BRDA:24,2,1,0
BRDA:44,3,0,0
BRDA:44,3,1,0
BRDA:52,4,0,0
BRDA:52,4,1,0
BRDA:57,5,0,0
BRDA:57,5,1,0
BRDA:63,6,0,0
BRDA:63,6,1,0
BRDA:68,7,0,0
BRDA:68,7,1,0
BRDA:73,8,0,0
BRDA:73,8,1,0
BRDA:79,9,0,0
BRDA:79,9,1,0
BRF:19
BRH:0
end_of_record
